CRITICAL - 2022-06-05 02:37:58 --> Too few arguments to function App\Controllers\Editor\Submissions\Submissions::index(), 0 passed in C:\xampp\htdocs\ejurnal-remake\vendor\codeigniter4\framework\system\CodeIgniter.php on line 832 and exactly 1 expected
#0 C:\xampp\htdocs\ejurnal-remake\vendor\codeigniter4\framework\system\CodeIgniter.php(832): App\Controllers\Editor\Submissions\Submissions->index()
#1 C:\xampp\htdocs\ejurnal-remake\vendor\codeigniter4\framework\system\CodeIgniter.php(419): CodeIgniter\CodeIgniter->runController(Object(App\Controllers\Editor\Submissions\Submissions))
#2 C:\xampp\htdocs\ejurnal-remake\vendor\codeigniter4\framework\system\CodeIgniter.php(326): CodeIgniter\CodeIgniter->handleRequest(NULL, Object(Config\Cache), false)
#3 C:\xampp\htdocs\ejurnal-remake\public\index.php(37): CodeIgniter\CodeIgniter->run()
#4 C:\xampp\htdocs\ejurnal-remake\vendor\codeigniter4\framework\system\Commands\Server\rewrite.php(43): require_once('C:\\xampp\\htdocs...')
#5 {main}
CRITICAL - 2022-06-05 03:38:06 --> syntax error, unexpected single-quoted string "reference", expecting "]"
#0 C:\xampp\htdocs\ejurnal-remake\vendor\codeigniter4\framework\system\Autoloader\Autoloader.php(241): CodeIgniter\Autoloader\Autoloader->includeFile('C:\\xampp\\htdocs...')
#1 C:\xampp\htdocs\ejurnal-remake\vendor\codeigniter4\framework\system\Autoloader\Autoloader.php(219): CodeIgniter\Autoloader\Autoloader->loadInNamespace('App\\Controllers...')
#2 [internal function]: CodeIgniter\Autoloader\Autoloader->loadClass('App\\Controllers...')
#3 C:\xampp\htdocs\ejurnal-remake\vendor\codeigniter4\framework\system\CodeIgniter.php(797): class_exists('\\App\\Controller...', true)
#4 C:\xampp\htdocs\ejurnal-remake\vendor\codeigniter4\framework\system\CodeIgniter.php(406): CodeIgniter\CodeIgniter->startController()
#5 C:\xampp\htdocs\ejurnal-remake\vendor\codeigniter4\framework\system\CodeIgniter.php(326): CodeIgniter\CodeIgniter->handleRequest(NULL, Object(Config\Cache), false)
#6 C:\xampp\htdocs\ejurnal-remake\public\index.php(37): CodeIgniter\CodeIgniter->run()
#7 C:\xampp\htdocs\ejurnal-remake\vendor\codeigniter4\framework\system\Commands\Server\rewrite.php(43): require_once('C:\\xampp\\htdocs...')
#8 {main}
CRITICAL - 2022-06-05 03:40:24 --> Trying to access array offset on value of type null
#0 C:\xampp\htdocs\ejurnal-remake\app\Views\pages\editor\submissions\submissions.php(10): CodeIgniter\Debug\Exceptions->errorHandler(2, 'Trying to acces...', 'C:\\xampp\\htdocs...', 10)
#1 C:\xampp\htdocs\ejurnal-remake\vendor\codeigniter4\framework\system\View\View.php(210): include('C:\\xampp\\htdocs...')
#2 C:\xampp\htdocs\ejurnal-remake\vendor\codeigniter4\framework\system\View\View.php(213): CodeIgniter\View\View->CodeIgniter\View\{closure}()
#3 C:\xampp\htdocs\ejurnal-remake\vendor\codeigniter4\framework\system\Common.php(1089): CodeIgniter\View\View->render('pages/editor/su...', Array, true)
#4 C:\xampp\htdocs\ejurnal-remake\app\Controllers\editor\submissions\Home.php(20): view('pages/editor/su...', Array)
#5 C:\xampp\htdocs\ejurnal-remake\vendor\codeigniter4\framework\system\CodeIgniter.php(832): App\Controllers\Editor\Submissions\Home->index('3')
#6 C:\xampp\htdocs\ejurnal-remake\vendor\codeigniter4\framework\system\CodeIgniter.php(419): CodeIgniter\CodeIgniter->runController(Object(App\Controllers\Editor\Submissions\Home))
#7 C:\xampp\htdocs\ejurnal-remake\vendor\codeigniter4\framework\system\CodeIgniter.php(326): CodeIgniter\CodeIgniter->handleRequest(NULL, Object(Config\Cache), false)
#8 C:\xampp\htdocs\ejurnal-remake\public\index.php(37): CodeIgniter\CodeIgniter->run()
#9 C:\xampp\htdocs\ejurnal-remake\vendor\codeigniter4\framework\system\Commands\Server\rewrite.php(43): require_once('C:\\xampp\\htdocs...')
#10 {main}
CRITICAL - 2022-06-05 03:40:35 --> Too few arguments to function App\Controllers\Editor\Submissions\Home::index(), 0 passed in C:\xampp\htdocs\ejurnal-remake\vendor\codeigniter4\framework\system\CodeIgniter.php on line 832 and exactly 1 expected
#0 C:\xampp\htdocs\ejurnal-remake\vendor\codeigniter4\framework\system\CodeIgniter.php(832): App\Controllers\Editor\Submissions\Home->index()
#1 C:\xampp\htdocs\ejurnal-remake\vendor\codeigniter4\framework\system\CodeIgniter.php(419): CodeIgniter\CodeIgniter->runController(Object(App\Controllers\Editor\Submissions\Home))
#2 C:\xampp\htdocs\ejurnal-remake\vendor\codeigniter4\framework\system\CodeIgniter.php(326): CodeIgniter\CodeIgniter->handleRequest(NULL, Object(Config\Cache), false)
#3 C:\xampp\htdocs\ejurnal-remake\public\index.php(37): CodeIgniter\CodeIgniter->run()
#4 C:\xampp\htdocs\ejurnal-remake\vendor\codeigniter4\framework\system\Commands\Server\rewrite.php(43): require_once('C:\\xampp\\htdocs...')
#5 {main}
CRITICAL - 2022-06-05 03:43:08 --> Invalid file: pages/editor/submissions/.php
#0 C:\xampp\htdocs\ejurnal-remake\vendor\codeigniter4\framework\system\View\View.php(198): CodeIgniter\Exceptions\FrameworkException::forInvalidFile('pages/editor/su...')
#1 C:\xampp\htdocs\ejurnal-remake\vendor\codeigniter4\framework\system\Common.php(1089): CodeIgniter\View\View->render('pages/editor/su...', Array, true)
#2 C:\xampp\htdocs\ejurnal-remake\app\Controllers\editor\submissions\Home.php(20): view('pages/editor/su...', Array)
#3 C:\xampp\htdocs\ejurnal-remake\vendor\codeigniter4\framework\system\CodeIgniter.php(832): App\Controllers\Editor\Submissions\Home->index('5')
#4 C:\xampp\htdocs\ejurnal-remake\vendor\codeigniter4\framework\system\CodeIgniter.php(419): CodeIgniter\CodeIgniter->runController(Object(App\Controllers\Editor\Submissions\Home))
#5 C:\xampp\htdocs\ejurnal-remake\vendor\codeigniter4\framework\system\CodeIgniter.php(326): CodeIgniter\CodeIgniter->handleRequest(NULL, Object(Config\Cache), false)
#6 C:\xampp\htdocs\ejurnal-remake\public\index.php(37): CodeIgniter\CodeIgniter->run()
#7 C:\xampp\htdocs\ejurnal-remake\vendor\codeigniter4\framework\system\Commands\Server\rewrite.php(43): require_once('C:\\xampp\\htdocs...')
#8 {main}
CRITICAL - 2022-06-05 04:10:07 --> Call to a member function first() on array
#0 C:\xampp\htdocs\ejurnal-remake\vendor\codeigniter4\framework\system\CodeIgniter.php(832): App\Controllers\Editor\Submissions\Home->index('5')
#1 C:\xampp\htdocs\ejurnal-remake\vendor\codeigniter4\framework\system\CodeIgniter.php(419): CodeIgniter\CodeIgniter->runController(Object(App\Controllers\Editor\Submissions\Home))
#2 C:\xampp\htdocs\ejurnal-remake\vendor\codeigniter4\framework\system\CodeIgniter.php(326): CodeIgniter\CodeIgniter->handleRequest(NULL, Object(Config\Cache), false)
#3 C:\xampp\htdocs\ejurnal-remake\public\index.php(37): CodeIgniter\CodeIgniter->run()
#4 C:\xampp\htdocs\ejurnal-remake\vendor\codeigniter4\framework\system\Commands\Server\rewrite.php(43): require_once('C:\\xampp\\htdocs...')
#5 {main}
CRITICAL - 2022-06-05 04:17:29 --> Trying to access array offset on value of type null
#0 C:\xampp\htdocs\ejurnal-remake\app\Views\pages\editor\submissionReview.php(20): CodeIgniter\Debug\Exceptions->errorHandler(2, 'Trying to acces...', 'C:\\xampp\\htdocs...', 20)
#1 C:\xampp\htdocs\ejurnal-remake\vendor\codeigniter4\framework\system\View\View.php(210): include('C:\\xampp\\htdocs...')
#2 C:\xampp\htdocs\ejurnal-remake\vendor\codeigniter4\framework\system\View\View.php(213): CodeIgniter\View\View->CodeIgniter\View\{closure}()
#3 C:\xampp\htdocs\ejurnal-remake\vendor\codeigniter4\framework\system\Common.php(1089): CodeIgniter\View\View->render('pages/editor/su...', Array, true)
#4 C:\xampp\htdocs\ejurnal-remake\app\Controllers\editor\SubmissionReview.php(23): view('pages/editor/su...', Array)
#5 C:\xampp\htdocs\ejurnal-remake\vendor\codeigniter4\framework\system\CodeIgniter.php(832): App\Controllers\Editor\SubmissionReview->index('57')
#6 C:\xampp\htdocs\ejurnal-remake\vendor\codeigniter4\framework\system\CodeIgniter.php(419): CodeIgniter\CodeIgniter->runController(Object(App\Controllers\Editor\SubmissionReview))
#7 C:\xampp\htdocs\ejurnal-remake\vendor\codeigniter4\framework\system\CodeIgniter.php(326): CodeIgniter\CodeIgniter->handleRequest(NULL, Object(Config\Cache), false)
#8 C:\xampp\htdocs\ejurnal-remake\public\index.php(37): CodeIgniter\CodeIgniter->run()
#9 C:\xampp\htdocs\ejurnal-remake\vendor\codeigniter4\framework\system\Commands\Server\rewrite.php(43): require_once('C:\\xampp\\htdocs...')
#10 {main}
CRITICAL - 2022-06-05 04:22:55 --> Trying to access array offset on value of type null
#0 C:\xampp\htdocs\ejurnal-remake\app\Views\pages\editor\submissionReview.php(20): CodeIgniter\Debug\Exceptions->errorHandler(2, 'Trying to acces...', 'C:\\xampp\\htdocs...', 20)
#1 C:\xampp\htdocs\ejurnal-remake\vendor\codeigniter4\framework\system\View\View.php(210): include('C:\\xampp\\htdocs...')
#2 C:\xampp\htdocs\ejurnal-remake\vendor\codeigniter4\framework\system\View\View.php(213): CodeIgniter\View\View->CodeIgniter\View\{closure}()
#3 C:\xampp\htdocs\ejurnal-remake\vendor\codeigniter4\framework\system\Common.php(1089): CodeIgniter\View\View->render('pages/editor/su...', Array, true)
#4 C:\xampp\htdocs\ejurnal-remake\app\Controllers\editor\SubmissionReview.php(23): view('pages/editor/su...', Array)
#5 C:\xampp\htdocs\ejurnal-remake\vendor\codeigniter4\framework\system\CodeIgniter.php(832): App\Controllers\Editor\SubmissionReview->index('17')
#6 C:\xampp\htdocs\ejurnal-remake\vendor\codeigniter4\framework\system\CodeIgniter.php(419): CodeIgniter\CodeIgniter->runController(Object(App\Controllers\Editor\SubmissionReview))
#7 C:\xampp\htdocs\ejurnal-remake\vendor\codeigniter4\framework\system\CodeIgniter.php(326): CodeIgniter\CodeIgniter->handleRequest(NULL, Object(Config\Cache), false)
#8 C:\xampp\htdocs\ejurnal-remake\public\index.php(37): CodeIgniter\CodeIgniter->run()
#9 C:\xampp\htdocs\ejurnal-remake\vendor\codeigniter4\framework\system\Commands\Server\rewrite.php(43): require_once('C:\\xampp\\htdocs...')
#10 {main}
CRITICAL - 2022-06-05 04:25:46 --> Trying to access array offset on value of type null
#0 C:\xampp\htdocs\ejurnal-remake\app\Views\pages\editor\submissionReview.php(20): CodeIgniter\Debug\Exceptions->errorHandler(2, 'Trying to acces...', 'C:\\xampp\\htdocs...', 20)
#1 C:\xampp\htdocs\ejurnal-remake\vendor\codeigniter4\framework\system\View\View.php(210): include('C:\\xampp\\htdocs...')
#2 C:\xampp\htdocs\ejurnal-remake\vendor\codeigniter4\framework\system\View\View.php(213): CodeIgniter\View\View->CodeIgniter\View\{closure}()
#3 C:\xampp\htdocs\ejurnal-remake\vendor\codeigniter4\framework\system\Common.php(1089): CodeIgniter\View\View->render('pages/editor/su...', Array, true)
#4 C:\xampp\htdocs\ejurnal-remake\app\Controllers\editor\SubmissionReview.php(23): view('pages/editor/su...', Array)
#5 C:\xampp\htdocs\ejurnal-remake\vendor\codeigniter4\framework\system\CodeIgniter.php(832): App\Controllers\Editor\SubmissionReview->index('17')
#6 C:\xampp\htdocs\ejurnal-remake\vendor\codeigniter4\framework\system\CodeIgniter.php(419): CodeIgniter\CodeIgniter->runController(Object(App\Controllers\Editor\SubmissionReview))
#7 C:\xampp\htdocs\ejurnal-remake\vendor\codeigniter4\framework\system\CodeIgniter.php(326): CodeIgniter\CodeIgniter->handleRequest(NULL, Object(Config\Cache), false)
#8 C:\xampp\htdocs\ejurnal-remake\public\index.php(37): CodeIgniter\CodeIgniter->run()
#9 C:\xampp\htdocs\ejurnal-remake\vendor\codeigniter4\framework\system\Commands\Server\rewrite.php(43): require_once('C:\\xampp\\htdocs...')
#10 {main}
CRITICAL - 2022-06-05 04:26:47 --> Trying to access array offset on value of type null
#0 C:\xampp\htdocs\ejurnal-remake\app\Controllers\editor\SelectReviewer.php(23): CodeIgniter\Debug\Exceptions->errorHandler(2, 'Trying to acces...', 'C:\\xampp\\htdocs...', 23)
#1 C:\xampp\htdocs\ejurnal-remake\vendor\codeigniter4\framework\system\CodeIgniter.php(832): App\Controllers\Editor\SelectReviewer->index('5', '3')
#2 C:\xampp\htdocs\ejurnal-remake\vendor\codeigniter4\framework\system\CodeIgniter.php(419): CodeIgniter\CodeIgniter->runController(Object(App\Controllers\Editor\SelectReviewer))
#3 C:\xampp\htdocs\ejurnal-remake\vendor\codeigniter4\framework\system\CodeIgniter.php(326): CodeIgniter\CodeIgniter->handleRequest(NULL, Object(Config\Cache), false)
#4 C:\xampp\htdocs\ejurnal-remake\public\index.php(37): CodeIgniter\CodeIgniter->run()
#5 C:\xampp\htdocs\ejurnal-remake\vendor\codeigniter4\framework\system\Commands\Server\rewrite.php(43): require_once('C:\\xampp\\htdocs...')
#6 {main}
CRITICAL - 2022-06-05 04:36:36 --> Trying to access array offset on value of type null
#0 C:\xampp\htdocs\ejurnal-remake\app\Views\pages\editor\submissionReview.php(20): CodeIgniter\Debug\Exceptions->errorHandler(2, 'Trying to acces...', 'C:\\xampp\\htdocs...', 20)
#1 C:\xampp\htdocs\ejurnal-remake\vendor\codeigniter4\framework\system\View\View.php(210): include('C:\\xampp\\htdocs...')
#2 C:\xampp\htdocs\ejurnal-remake\vendor\codeigniter4\framework\system\View\View.php(213): CodeIgniter\View\View->CodeIgniter\View\{closure}()
#3 C:\xampp\htdocs\ejurnal-remake\vendor\codeigniter4\framework\system\Common.php(1089): CodeIgniter\View\View->render('pages/editor/su...', Array, true)
#4 C:\xampp\htdocs\ejurnal-remake\app\Controllers\editor\SubmissionReview.php(23): view('pages/editor/su...', Array)
#5 C:\xampp\htdocs\ejurnal-remake\vendor\codeigniter4\framework\system\CodeIgniter.php(832): App\Controllers\Editor\SubmissionReview->index('57')
#6 C:\xampp\htdocs\ejurnal-remake\vendor\codeigniter4\framework\system\CodeIgniter.php(419): CodeIgniter\CodeIgniter->runController(Object(App\Controllers\Editor\SubmissionReview))
#7 C:\xampp\htdocs\ejurnal-remake\vendor\codeigniter4\framework\system\CodeIgniter.php(326): CodeIgniter\CodeIgniter->handleRequest(NULL, Object(Config\Cache), false)
#8 C:\xampp\htdocs\ejurnal-remake\public\index.php(37): CodeIgniter\CodeIgniter->run()
#9 C:\xampp\htdocs\ejurnal-remake\vendor\codeigniter4\framework\system\Commands\Server\rewrite.php(43): require_once('C:\\xampp\\htdocs...')
#10 {main}
CRITICAL - 2022-06-05 04:39:47 --> Trying to access array offset on value of type null
#0 C:\xampp\htdocs\ejurnal-remake\app\Views\pages\editor\submissionReview.php(20): CodeIgniter\Debug\Exceptions->errorHandler(2, 'Trying to acces...', 'C:\\xampp\\htdocs...', 20)
#1 C:\xampp\htdocs\ejurnal-remake\vendor\codeigniter4\framework\system\View\View.php(210): include('C:\\xampp\\htdocs...')
#2 C:\xampp\htdocs\ejurnal-remake\vendor\codeigniter4\framework\system\View\View.php(213): CodeIgniter\View\View->CodeIgniter\View\{closure}()
#3 C:\xampp\htdocs\ejurnal-remake\vendor\codeigniter4\framework\system\Common.php(1089): CodeIgniter\View\View->render('pages/editor/su...', Array, true)
#4 C:\xampp\htdocs\ejurnal-remake\app\Controllers\editor\SubmissionReview.php(23): view('pages/editor/su...', Array)
#5 C:\xampp\htdocs\ejurnal-remake\vendor\codeigniter4\framework\system\CodeIgniter.php(832): App\Controllers\Editor\SubmissionReview->index('12541')
#6 C:\xampp\htdocs\ejurnal-remake\vendor\codeigniter4\framework\system\CodeIgniter.php(419): CodeIgniter\CodeIgniter->runController(Object(App\Controllers\Editor\SubmissionReview))
#7 C:\xampp\htdocs\ejurnal-remake\vendor\codeigniter4\framework\system\CodeIgniter.php(326): CodeIgniter\CodeIgniter->handleRequest(NULL, Object(Config\Cache), false)
#8 C:\xampp\htdocs\ejurnal-remake\public\index.php(37): CodeIgniter\CodeIgniter->run()
#9 C:\xampp\htdocs\ejurnal-remake\vendor\codeigniter4\framework\system\Commands\Server\rewrite.php(43): require_once('C:\\xampp\\htdocs...')
#10 {main}
CRITICAL - 2022-06-05 04:51:08 --> Undefined variable $articleID
#0 C:\xampp\htdocs\ejurnal-remake\app\Controllers\editor\UploadReviewVersion.php(11): CodeIgniter\Debug\Exceptions->errorHandler(2, 'Undefined varia...', 'C:\\xampp\\htdocs...', 11)
#1 C:\xampp\htdocs\ejurnal-remake\vendor\codeigniter4\framework\system\CodeIgniter.php(832): App\Controllers\Editor\UploadReviewVersion->index()
#2 C:\xampp\htdocs\ejurnal-remake\vendor\codeigniter4\framework\system\CodeIgniter.php(419): CodeIgniter\CodeIgniter->runController(Object(App\Controllers\Editor\UploadReviewVersion))
#3 C:\xampp\htdocs\ejurnal-remake\vendor\codeigniter4\framework\system\CodeIgniter.php(326): CodeIgniter\CodeIgniter->handleRequest(NULL, Object(Config\Cache), false)
#4 C:\xampp\htdocs\ejurnal-remake\public\index.php(37): CodeIgniter\CodeIgniter->run()
#5 C:\xampp\htdocs\ejurnal-remake\vendor\codeigniter4\framework\system\Commands\Server\rewrite.php(43): require_once('C:\\xampp\\htdocs...')
#6 {main}
CRITICAL - 2022-06-05 04:51:25 --> Undefined variable $post
#0 C:\xampp\htdocs\ejurnal-remake\app\Controllers\editor\UploadReviewVersion.php(11): CodeIgniter\Debug\Exceptions->errorHandler(2, 'Undefined varia...', 'C:\\xampp\\htdocs...', 11)
#1 C:\xampp\htdocs\ejurnal-remake\vendor\codeigniter4\framework\system\CodeIgniter.php(832): App\Controllers\Editor\UploadReviewVersion->index()
#2 C:\xampp\htdocs\ejurnal-remake\vendor\codeigniter4\framework\system\CodeIgniter.php(419): CodeIgniter\CodeIgniter->runController(Object(App\Controllers\Editor\UploadReviewVersion))
#3 C:\xampp\htdocs\ejurnal-remake\vendor\codeigniter4\framework\system\CodeIgniter.php(326): CodeIgniter\CodeIgniter->handleRequest(NULL, Object(Config\Cache), false)
#4 C:\xampp\htdocs\ejurnal-remake\public\index.php(37): CodeIgniter\CodeIgniter->run()
#5 C:\xampp\htdocs\ejurnal-remake\vendor\codeigniter4\framework\system\Commands\Server\rewrite.php(43): require_once('C:\\xampp\\htdocs...')
#6 {main}
CRITICAL - 2022-06-05 05:44:24 --> Undefined array key "reviewer_id"
#0 D:\Program\xampp\htdocs\ejurnal-remake\app\Views\pages\editor\submissionReview.php(142): CodeIgniter\Debug\Exceptions->errorHandler(2, 'Undefined array...', 'D:\\Program\\xamp...', 142)
#1 D:\Program\xampp\htdocs\ejurnal-remake\vendor\codeigniter4\framework\system\View\View.php(210): include('D:\\Program\\xamp...')
#2 D:\Program\xampp\htdocs\ejurnal-remake\vendor\codeigniter4\framework\system\View\View.php(213): CodeIgniter\View\View->CodeIgniter\View\{closure}()
#3 D:\Program\xampp\htdocs\ejurnal-remake\vendor\codeigniter4\framework\system\Common.php(1089): CodeIgniter\View\View->render('pages/editor/su...', Array, true)
#4 D:\Program\xampp\htdocs\ejurnal-remake\app\Controllers\editor\SubmissionReview.php(28): view('pages/editor/su...', Array)
#5 D:\Program\xampp\htdocs\ejurnal-remake\vendor\codeigniter4\framework\system\CodeIgniter.php(832): App\Controllers\Editor\SubmissionReview->index('5')
#6 D:\Program\xampp\htdocs\ejurnal-remake\vendor\codeigniter4\framework\system\CodeIgniter.php(419): CodeIgniter\CodeIgniter->runController(Object(App\Controllers\Editor\SubmissionReview))
#7 D:\Program\xampp\htdocs\ejurnal-remake\vendor\codeigniter4\framework\system\CodeIgniter.php(326): CodeIgniter\CodeIgniter->handleRequest(NULL, Object(Config\Cache), false)
#8 D:\Program\xampp\htdocs\ejurnal-remake\public\index.php(37): CodeIgniter\CodeIgniter->run()
#9 D:\Program\xampp\htdocs\ejurnal-remake\vendor\codeigniter4\framework\system\Commands\Server\rewrite.php(43): require_once('D:\\Program\\xamp...')
#10 {main}
CRITICAL - 2022-06-05 05:50:06 --> Undefined property: App\Controllers\Editor\SubmissionReview::$reviewerRequestModel
#0 D:\Program\xampp\htdocs\ejurnal-remake\app\Controllers\editor\SubmissionReview.php(20): CodeIgniter\Debug\Exceptions->errorHandler(2, 'Undefined prope...', 'D:\\Program\\xamp...', 20)
#1 D:\Program\xampp\htdocs\ejurnal-remake\vendor\codeigniter4\framework\system\CodeIgniter.php(832): App\Controllers\Editor\SubmissionReview->index('5')
#2 D:\Program\xampp\htdocs\ejurnal-remake\vendor\codeigniter4\framework\system\CodeIgniter.php(419): CodeIgniter\CodeIgniter->runController(Object(App\Controllers\Editor\SubmissionReview))
#3 D:\Program\xampp\htdocs\ejurnal-remake\vendor\codeigniter4\framework\system\CodeIgniter.php(326): CodeIgniter\CodeIgniter->handleRequest(NULL, Object(Config\Cache), false)
#4 D:\Program\xampp\htdocs\ejurnal-remake\public\index.php(37): CodeIgniter\CodeIgniter->run()
#5 D:\Program\xampp\htdocs\ejurnal-remake\vendor\codeigniter4\framework\system\Commands\Server\rewrite.php(43): require_once('D:\\Program\\xamp...')
#6 {main}
CRITICAL - 2022-06-05 05:52:29 --> Cannot declare class App\Controllers\notifyReviewer, because the name is already in use
#0 [internal function]: CodeIgniter\Debug\Exceptions->shutdownHandler()
#1 {main}
CRITICAL - 2022-06-05 05:57:16 --> Too few arguments to function App\Controllers\Editor\notifyReviewer::index(), 0 passed in D:\Program\xampp\htdocs\ejurnal-remake\vendor\codeigniter4\framework\system\CodeIgniter.php on line 832 and exactly 2 expected
#0 D:\Program\xampp\htdocs\ejurnal-remake\vendor\codeigniter4\framework\system\CodeIgniter.php(832): App\Controllers\Editor\notifyReviewer->index()
#1 D:\Program\xampp\htdocs\ejurnal-remake\vendor\codeigniter4\framework\system\CodeIgniter.php(419): CodeIgniter\CodeIgniter->runController(Object(App\Controllers\Editor\notifyReviewer))
#2 D:\Program\xampp\htdocs\ejurnal-remake\vendor\codeigniter4\framework\system\CodeIgniter.php(326): CodeIgniter\CodeIgniter->handleRequest(NULL, Object(Config\Cache), false)
#3 D:\Program\xampp\htdocs\ejurnal-remake\public\index.php(37): CodeIgniter\CodeIgniter->run()
#4 D:\Program\xampp\htdocs\ejurnal-remake\vendor\codeigniter4\framework\system\Commands\Server\rewrite.php(43): require_once('D:\\Program\\xamp...')
#5 {main}
CRITICAL - 2022-06-05 06:10:02 --> Undefined variable $assignments
#0 D:\Program\xampp\htdocs\ejurnal-remake\app\Views\pages\reviewer\home.php(38): CodeIgniter\Debug\Exceptions->errorHandler(2, 'Undefined varia...', 'D:\\Program\\xamp...', 38)
#1 D:\Program\xampp\htdocs\ejurnal-remake\vendor\codeigniter4\framework\system\View\View.php(210): include('D:\\Program\\xamp...')
#2 D:\Program\xampp\htdocs\ejurnal-remake\vendor\codeigniter4\framework\system\View\View.php(213): CodeIgniter\View\View->CodeIgniter\View\{closure}()
#3 D:\Program\xampp\htdocs\ejurnal-remake\vendor\codeigniter4\framework\system\Common.php(1089): CodeIgniter\View\View->render('pages/reviewer/...', Array, true)
#4 D:\Program\xampp\htdocs\ejurnal-remake\app\Controllers\reviewer\Home.php(11): view('pages/reviewer/...')
#5 D:\Program\xampp\htdocs\ejurnal-remake\vendor\codeigniter4\framework\system\CodeIgniter.php(832): App\Controllers\Reviewer\Home->index()
#6 D:\Program\xampp\htdocs\ejurnal-remake\vendor\codeigniter4\framework\system\CodeIgniter.php(419): CodeIgniter\CodeIgniter->runController(Object(App\Controllers\Reviewer\Home))
#7 D:\Program\xampp\htdocs\ejurnal-remake\vendor\codeigniter4\framework\system\CodeIgniter.php(326): CodeIgniter\CodeIgniter->handleRequest(NULL, Object(Config\Cache), false)
#8 D:\Program\xampp\htdocs\ejurnal-remake\public\index.php(37): CodeIgniter\CodeIgniter->run()
#9 D:\Program\xampp\htdocs\ejurnal-remake\vendor\codeigniter4\framework\system\Commands\Server\rewrite.php(43): require_once('D:\\Program\\xamp...')
#10 {main}
CRITICAL - 2022-06-05 06:15:17 --> Undefined variable $assignments
#0 D:\Program\xampp\htdocs\ejurnal-remake\app\Views\pages\reviewer\home.php(38): CodeIgniter\Debug\Exceptions->errorHandler(2, 'Undefined varia...', 'D:\\Program\\xamp...', 38)
#1 D:\Program\xampp\htdocs\ejurnal-remake\vendor\codeigniter4\framework\system\View\View.php(210): include('D:\\Program\\xamp...')
#2 D:\Program\xampp\htdocs\ejurnal-remake\vendor\codeigniter4\framework\system\View\View.php(213): CodeIgniter\View\View->CodeIgniter\View\{closure}()
#3 D:\Program\xampp\htdocs\ejurnal-remake\vendor\codeigniter4\framework\system\Common.php(1089): CodeIgniter\View\View->render('pages/reviewer/...', Array, true)
#4 D:\Program\xampp\htdocs\ejurnal-remake\app\Controllers\reviewer\Home.php(13): view('pages/reviewer/...', Array)
#5 D:\Program\xampp\htdocs\ejurnal-remake\vendor\codeigniter4\framework\system\CodeIgniter.php(832): App\Controllers\Reviewer\Home->index()
#6 D:\Program\xampp\htdocs\ejurnal-remake\vendor\codeigniter4\framework\system\CodeIgniter.php(419): CodeIgniter\CodeIgniter->runController(Object(App\Controllers\Reviewer\Home))
#7 D:\Program\xampp\htdocs\ejurnal-remake\vendor\codeigniter4\framework\system\CodeIgniter.php(326): CodeIgniter\CodeIgniter->handleRequest(NULL, Object(Config\Cache), false)
#8 D:\Program\xampp\htdocs\ejurnal-remake\public\index.php(37): CodeIgniter\CodeIgniter->run()
#9 D:\Program\xampp\htdocs\ejurnal-remake\vendor\codeigniter4\framework\system\Commands\Server\rewrite.php(43): require_once('D:\\Program\\xamp...')
#10 {main}
CRITICAL - 2022-06-05 06:17:06 --> Undefined variable $assignments
#0 D:\Program\xampp\htdocs\ejurnal-remake\app\Views\pages\reviewer\home.php(38): CodeIgniter\Debug\Exceptions->errorHandler(2, 'Undefined varia...', 'D:\\Program\\xamp...', 38)
#1 D:\Program\xampp\htdocs\ejurnal-remake\vendor\codeigniter4\framework\system\View\View.php(210): include('D:\\Program\\xamp...')
#2 D:\Program\xampp\htdocs\ejurnal-remake\vendor\codeigniter4\framework\system\View\View.php(213): CodeIgniter\View\View->CodeIgniter\View\{closure}()
#3 D:\Program\xampp\htdocs\ejurnal-remake\vendor\codeigniter4\framework\system\Common.php(1089): CodeIgniter\View\View->render('pages/reviewer/...', Array, true)
#4 D:\Program\xampp\htdocs\ejurnal-remake\app\Controllers\reviewer\Home.php(13): view('pages/reviewer/...', Array)
#5 D:\Program\xampp\htdocs\ejurnal-remake\vendor\codeigniter4\framework\system\CodeIgniter.php(832): App\Controllers\Reviewer\Home->index()
#6 D:\Program\xampp\htdocs\ejurnal-remake\vendor\codeigniter4\framework\system\CodeIgniter.php(419): CodeIgniter\CodeIgniter->runController(Object(App\Controllers\Reviewer\Home))
#7 D:\Program\xampp\htdocs\ejurnal-remake\vendor\codeigniter4\framework\system\CodeIgniter.php(326): CodeIgniter\CodeIgniter->handleRequest(NULL, Object(Config\Cache), false)
#8 D:\Program\xampp\htdocs\ejurnal-remake\public\index.php(37): CodeIgniter\CodeIgniter->run()
#9 D:\Program\xampp\htdocs\ejurnal-remake\vendor\codeigniter4\framework\system\Commands\Server\rewrite.php(43): require_once('D:\\Program\\xamp...')
#10 {main}
CRITICAL - 2022-06-05 06:17:06 --> Undefined variable $assignments
#0 D:\Program\xampp\htdocs\ejurnal-remake\app\Views\pages\reviewer\home.php(38): CodeIgniter\Debug\Exceptions->errorHandler(2, 'Undefined varia...', 'D:\\Program\\xamp...', 38)
#1 D:\Program\xampp\htdocs\ejurnal-remake\vendor\codeigniter4\framework\system\View\View.php(210): include('D:\\Program\\xamp...')
#2 D:\Program\xampp\htdocs\ejurnal-remake\vendor\codeigniter4\framework\system\View\View.php(213): CodeIgniter\View\View->CodeIgniter\View\{closure}()
#3 D:\Program\xampp\htdocs\ejurnal-remake\vendor\codeigniter4\framework\system\Common.php(1089): CodeIgniter\View\View->render('pages/reviewer/...', Array, true)
#4 D:\Program\xampp\htdocs\ejurnal-remake\app\Controllers\reviewer\Home.php(13): view('pages/reviewer/...', Array)
#5 D:\Program\xampp\htdocs\ejurnal-remake\vendor\codeigniter4\framework\system\CodeIgniter.php(832): App\Controllers\Reviewer\Home->index()
#6 D:\Program\xampp\htdocs\ejurnal-remake\vendor\codeigniter4\framework\system\CodeIgniter.php(419): CodeIgniter\CodeIgniter->runController(Object(App\Controllers\Reviewer\Home))
#7 D:\Program\xampp\htdocs\ejurnal-remake\vendor\codeigniter4\framework\system\CodeIgniter.php(326): CodeIgniter\CodeIgniter->handleRequest(NULL, Object(Config\Cache), false)
#8 D:\Program\xampp\htdocs\ejurnal-remake\public\index.php(37): CodeIgniter\CodeIgniter->run()
#9 D:\Program\xampp\htdocs\ejurnal-remake\vendor\codeigniter4\framework\system\Commands\Server\rewrite.php(43): require_once('D:\\Program\\xamp...')
#10 {main}
CRITICAL - 2022-06-05 06:17:07 --> Undefined variable $assignments
#0 D:\Program\xampp\htdocs\ejurnal-remake\app\Views\pages\reviewer\home.php(38): CodeIgniter\Debug\Exceptions->errorHandler(2, 'Undefined varia...', 'D:\\Program\\xamp...', 38)
#1 D:\Program\xampp\htdocs\ejurnal-remake\vendor\codeigniter4\framework\system\View\View.php(210): include('D:\\Program\\xamp...')
#2 D:\Program\xampp\htdocs\ejurnal-remake\vendor\codeigniter4\framework\system\View\View.php(213): CodeIgniter\View\View->CodeIgniter\View\{closure}()
#3 D:\Program\xampp\htdocs\ejurnal-remake\vendor\codeigniter4\framework\system\Common.php(1089): CodeIgniter\View\View->render('pages/reviewer/...', Array, true)
#4 D:\Program\xampp\htdocs\ejurnal-remake\app\Controllers\reviewer\Home.php(13): view('pages/reviewer/...', Array)
#5 D:\Program\xampp\htdocs\ejurnal-remake\vendor\codeigniter4\framework\system\CodeIgniter.php(832): App\Controllers\Reviewer\Home->index()
#6 D:\Program\xampp\htdocs\ejurnal-remake\vendor\codeigniter4\framework\system\CodeIgniter.php(419): CodeIgniter\CodeIgniter->runController(Object(App\Controllers\Reviewer\Home))
#7 D:\Program\xampp\htdocs\ejurnal-remake\vendor\codeigniter4\framework\system\CodeIgniter.php(326): CodeIgniter\CodeIgniter->handleRequest(NULL, Object(Config\Cache), false)
#8 D:\Program\xampp\htdocs\ejurnal-remake\public\index.php(37): CodeIgniter\CodeIgniter->run()
#9 D:\Program\xampp\htdocs\ejurnal-remake\vendor\codeigniter4\framework\system\Commands\Server\rewrite.php(43): require_once('D:\\Program\\xamp...')
#10 {main}
<<<<<<< HEAD
ERROR - 2022-06-05 06:48:57 --> Error connecting to the database: No connection could be made because the target machine actively refused it
CRITICAL - 2022-06-05 06:48:57 --> Unable to connect to the database.
Main connection [MySQLi]: No connection could be made because the target machine actively refused it
#0 C:\xampp\htdocs\ejurnal-remake\vendor\codeigniter4\framework\system\Database\BaseConnection.php(577): CodeIgniter\Database\BaseConnection->initialize()
#1 C:\xampp\htdocs\ejurnal-remake\vendor\codeigniter4\framework\system\Database\BaseBuilder.php(1455): CodeIgniter\Database\BaseConnection->query('SELECT *\nFROM `...', Array, false)
#2 C:\xampp\htdocs\ejurnal-remake\vendor\codeigniter4\framework\system\Model.php(183): CodeIgniter\Database\BaseBuilder->get()
#3 C:\xampp\htdocs\ejurnal-remake\vendor\codeigniter4\framework\system\BaseModel.php(584): CodeIgniter\Model->doFindAll(0, 0)
#4 C:\xampp\htdocs\ejurnal-remake\app\Controllers\editor\submissions\SubmissionsInReview.php(12): CodeIgniter\BaseModel->findAll()
#5 C:\xampp\htdocs\ejurnal-remake\vendor\codeigniter4\framework\system\CodeIgniter.php(832): App\Controllers\Editor\Submissions\SubmissionsInReview->index()
#6 C:\xampp\htdocs\ejurnal-remake\vendor\codeigniter4\framework\system\CodeIgniter.php(419): CodeIgniter\CodeIgniter->runController(Object(App\Controllers\Editor\Submissions\SubmissionsInReview))
=======
CRITICAL - 2022-06-05 08:57:11 --> Undefined property: App\Controllers\Editor\recordDecision::$editAssignmentModel
#0 C:\xampp\htdocs\ejurnal-remake\app\Controllers\editor\recordDecision.php(24): CodeIgniter\Debug\Exceptions->errorHandler(2, 'Undefined prope...', 'C:\\xampp\\htdocs...', 24)
#1 C:\xampp\htdocs\ejurnal-remake\vendor\codeigniter4\framework\system\CodeIgniter.php(832): App\Controllers\Editor\recordDecision->index()
#2 C:\xampp\htdocs\ejurnal-remake\vendor\codeigniter4\framework\system\CodeIgniter.php(419): CodeIgniter\CodeIgniter->runController(Object(App\Controllers\Editor\recordDecision))
#3 C:\xampp\htdocs\ejurnal-remake\vendor\codeigniter4\framework\system\CodeIgniter.php(326): CodeIgniter\CodeIgniter->handleRequest(NULL, Object(Config\Cache), false)
#4 C:\xampp\htdocs\ejurnal-remake\public\index.php(37): CodeIgniter\CodeIgniter->run()
#5 C:\xampp\htdocs\ejurnal-remake\vendor\codeigniter4\framework\system\Commands\Server\rewrite.php(43): require_once('C:\\xampp\\htdocs...')
#6 {main}
ERROR - 2022-06-05 08:57:39 --> Duplicate entry '0' for key 'PRIMARY'
CRITICAL - 2022-06-05 08:57:39 --> Duplicate entry '0' for key 'PRIMARY'
#0 C:\xampp\htdocs\ejurnal-remake\vendor\codeigniter4\framework\system\Database\MySQLi\Connection.php(292): mysqli->query('INSERT INTO `ed...', 0)
#1 C:\xampp\htdocs\ejurnal-remake\vendor\codeigniter4\framework\system\Database\BaseConnection.php(670): CodeIgniter\Database\MySQLi\Connection->execute('INSERT INTO `ed...')
#2 C:\xampp\htdocs\ejurnal-remake\vendor\codeigniter4\framework\system\Database\BaseConnection.php(598): CodeIgniter\Database\BaseConnection->simpleQuery('INSERT INTO `ed...')
#3 C:\xampp\htdocs\ejurnal-remake\vendor\codeigniter4\framework\system\Database\BaseBuilder.php(1771): CodeIgniter\Database\BaseConnection->query('INSERT INTO `ed...', Array, false)
#4 C:\xampp\htdocs\ejurnal-remake\vendor\codeigniter4\framework\system\Model.php(239): CodeIgniter\Database\BaseBuilder->insert()
#5 C:\xampp\htdocs\ejurnal-remake\vendor\codeigniter4\framework\system\BaseModel.php(738): CodeIgniter\Model->doInsert(Array)
#6 C:\xampp\htdocs\ejurnal-remake\vendor\codeigniter4\framework\system\Model.php(625): CodeIgniter\BaseModel->insert(Array, true)
#7 C:\xampp\htdocs\ejurnal-remake\app\Controllers\editor\recordDecision.php(21): CodeIgniter\Model->insert(Array)
#8 C:\xampp\htdocs\ejurnal-remake\vendor\codeigniter4\framework\system\CodeIgniter.php(832): App\Controllers\Editor\recordDecision->index()
#9 C:\xampp\htdocs\ejurnal-remake\vendor\codeigniter4\framework\system\CodeIgniter.php(419): CodeIgniter\CodeIgniter->runController(Object(App\Controllers\Editor\recordDecision))
#10 C:\xampp\htdocs\ejurnal-remake\vendor\codeigniter4\framework\system\CodeIgniter.php(326): CodeIgniter\CodeIgniter->handleRequest(NULL, Object(Config\Cache), false)
#11 C:\xampp\htdocs\ejurnal-remake\public\index.php(37): CodeIgniter\CodeIgniter->run()
#12 C:\xampp\htdocs\ejurnal-remake\vendor\codeigniter4\framework\system\Commands\Server\rewrite.php(43): require_once('C:\\xampp\\htdocs...')
#13 {main}
CRITICAL - 2022-06-05 08:58:08 --> Cannot access offset of type string on string
#0 C:\xampp\htdocs\ejurnal-remake\vendor\codeigniter4\framework\system\View\View.php(210): include()
#1 C:\xampp\htdocs\ejurnal-remake\vendor\codeigniter4\framework\system\View\View.php(213): CodeIgniter\View\View->CodeIgniter\View\{closure}()
#2 C:\xampp\htdocs\ejurnal-remake\vendor\codeigniter4\framework\system\Common.php(1089): CodeIgniter\View\View->render('pages/editor/su...', Array, true)
#3 C:\xampp\htdocs\ejurnal-remake\app\Controllers\editor\SubmissionReview.php(36): view('pages/editor/su...', Array)
#4 C:\xampp\htdocs\ejurnal-remake\vendor\codeigniter4\framework\system\CodeIgniter.php(832): App\Controllers\Editor\SubmissionReview->index('5')
#5 C:\xampp\htdocs\ejurnal-remake\vendor\codeigniter4\framework\system\CodeIgniter.php(419): CodeIgniter\CodeIgniter->runController(Object(App\Controllers\Editor\SubmissionReview))
#6 C:\xampp\htdocs\ejurnal-remake\vendor\codeigniter4\framework\system\CodeIgniter.php(326): CodeIgniter\CodeIgniter->handleRequest(NULL, Object(Config\Cache), false)
#7 C:\xampp\htdocs\ejurnal-remake\public\index.php(37): CodeIgniter\CodeIgniter->run()
#8 C:\xampp\htdocs\ejurnal-remake\vendor\codeigniter4\framework\system\Commands\Server\rewrite.php(43): require_once('C:\\xampp\\htdocs...')
#9 {main}
CRITICAL - 2022-06-05 09:01:46 --> Undefined property: App\Controllers\Editor\recordDecision::$assignmentsModel
#0 C:\xampp\htdocs\ejurnal-remake\app\Controllers\editor\recordDecision.php(26): CodeIgniter\Debug\Exceptions->errorHandler(2, 'Undefined prope...', 'C:\\xampp\\htdocs...', 26)
#1 C:\xampp\htdocs\ejurnal-remake\vendor\codeigniter4\framework\system\CodeIgniter.php(832): App\Controllers\Editor\recordDecision->index()
#2 C:\xampp\htdocs\ejurnal-remake\vendor\codeigniter4\framework\system\CodeIgniter.php(419): CodeIgniter\CodeIgniter->runController(Object(App\Controllers\Editor\recordDecision))
#3 C:\xampp\htdocs\ejurnal-remake\vendor\codeigniter4\framework\system\CodeIgniter.php(326): CodeIgniter\CodeIgniter->handleRequest(NULL, Object(Config\Cache), false)
#4 C:\xampp\htdocs\ejurnal-remake\public\index.php(37): CodeIgniter\CodeIgniter->run()
#5 C:\xampp\htdocs\ejurnal-remake\vendor\codeigniter4\framework\system\Commands\Server\rewrite.php(43): require_once('C:\\xampp\\htdocs...')
#6 {main}
CRITICAL - 2022-06-05 09:02:16 --> Cannot access offset of type string on string
#0 C:\xampp\htdocs\ejurnal-remake\vendor\codeigniter4\framework\system\View\View.php(210): include()
#1 C:\xampp\htdocs\ejurnal-remake\vendor\codeigniter4\framework\system\View\View.php(213): CodeIgniter\View\View->CodeIgniter\View\{closure}()
#2 C:\xampp\htdocs\ejurnal-remake\vendor\codeigniter4\framework\system\Common.php(1089): CodeIgniter\View\View->render('pages/editor/su...', Array, true)
#3 C:\xampp\htdocs\ejurnal-remake\app\Controllers\editor\SubmissionReview.php(36): view('pages/editor/su...', Array)
#4 C:\xampp\htdocs\ejurnal-remake\vendor\codeigniter4\framework\system\CodeIgniter.php(832): App\Controllers\Editor\SubmissionReview->index('5')
#5 C:\xampp\htdocs\ejurnal-remake\vendor\codeigniter4\framework\system\CodeIgniter.php(419): CodeIgniter\CodeIgniter->runController(Object(App\Controllers\Editor\SubmissionReview))
#6 C:\xampp\htdocs\ejurnal-remake\vendor\codeigniter4\framework\system\CodeIgniter.php(326): CodeIgniter\CodeIgniter->handleRequest(NULL, Object(Config\Cache), false)
#7 C:\xampp\htdocs\ejurnal-remake\public\index.php(37): CodeIgniter\CodeIgniter->run()
#8 C:\xampp\htdocs\ejurnal-remake\vendor\codeigniter4\framework\system\Commands\Server\rewrite.php(43): require_once('C:\\xampp\\htdocs...')
#9 {main}
CRITICAL - 2022-06-05 09:02:37 --> Undefined array key "assignment_id"
#0 C:\xampp\htdocs\ejurnal-remake\app\Controllers\editor\recordDecision.php(27): CodeIgniter\Debug\Exceptions->errorHandler(2, 'Undefined array...', 'C:\\xampp\\htdocs...', 27)
#1 C:\xampp\htdocs\ejurnal-remake\vendor\codeigniter4\framework\system\CodeIgniter.php(832): App\Controllers\Editor\recordDecision->index()
#2 C:\xampp\htdocs\ejurnal-remake\vendor\codeigniter4\framework\system\CodeIgniter.php(419): CodeIgniter\CodeIgniter->runController(Object(App\Controllers\Editor\recordDecision))
#3 C:\xampp\htdocs\ejurnal-remake\vendor\codeigniter4\framework\system\CodeIgniter.php(326): CodeIgniter\CodeIgniter->handleRequest(NULL, Object(Config\Cache), false)
#4 C:\xampp\htdocs\ejurnal-remake\public\index.php(37): CodeIgniter\CodeIgniter->run()
#5 C:\xampp\htdocs\ejurnal-remake\vendor\codeigniter4\framework\system\Commands\Server\rewrite.php(43): require_once('C:\\xampp\\htdocs...')
#6 {main}
CRITICAL - 2022-06-05 09:03:37 --> Cannot access offset of type string on string
#0 C:\xampp\htdocs\ejurnal-remake\vendor\codeigniter4\framework\system\View\View.php(210): include()
#1 C:\xampp\htdocs\ejurnal-remake\vendor\codeigniter4\framework\system\View\View.php(213): CodeIgniter\View\View->CodeIgniter\View\{closure}()
#2 C:\xampp\htdocs\ejurnal-remake\vendor\codeigniter4\framework\system\Common.php(1089): CodeIgniter\View\View->render('pages/editor/su...', Array, true)
#3 C:\xampp\htdocs\ejurnal-remake\app\Controllers\editor\SubmissionReview.php(36): view('pages/editor/su...', Array)
#4 C:\xampp\htdocs\ejurnal-remake\vendor\codeigniter4\framework\system\CodeIgniter.php(832): App\Controllers\Editor\SubmissionReview->index('5')
#5 C:\xampp\htdocs\ejurnal-remake\vendor\codeigniter4\framework\system\CodeIgniter.php(419): CodeIgniter\CodeIgniter->runController(Object(App\Controllers\Editor\SubmissionReview))
#6 C:\xampp\htdocs\ejurnal-remake\vendor\codeigniter4\framework\system\CodeIgniter.php(326): CodeIgniter\CodeIgniter->handleRequest(NULL, Object(Config\Cache), false)
#7 C:\xampp\htdocs\ejurnal-remake\public\index.php(37): CodeIgniter\CodeIgniter->run()
#8 C:\xampp\htdocs\ejurnal-remake\vendor\codeigniter4\framework\system\Commands\Server\rewrite.php(43): require_once('C:\\xampp\\htdocs...')
#9 {main}
CRITICAL - 2022-06-05 09:04:03 --> Cannot access offset of type string on string
#0 C:\xampp\htdocs\ejurnal-remake\vendor\codeigniter4\framework\system\View\View.php(210): include()
#1 C:\xampp\htdocs\ejurnal-remake\vendor\codeigniter4\framework\system\View\View.php(213): CodeIgniter\View\View->CodeIgniter\View\{closure}()
#2 C:\xampp\htdocs\ejurnal-remake\vendor\codeigniter4\framework\system\Common.php(1089): CodeIgniter\View\View->render('pages/editor/su...', Array, true)
#3 C:\xampp\htdocs\ejurnal-remake\app\Controllers\editor\SubmissionReview.php(36): view('pages/editor/su...', Array)
#4 C:\xampp\htdocs\ejurnal-remake\vendor\codeigniter4\framework\system\CodeIgniter.php(832): App\Controllers\Editor\SubmissionReview->index('5')
#5 C:\xampp\htdocs\ejurnal-remake\vendor\codeigniter4\framework\system\CodeIgniter.php(419): CodeIgniter\CodeIgniter->runController(Object(App\Controllers\Editor\SubmissionReview))
#6 C:\xampp\htdocs\ejurnal-remake\vendor\codeigniter4\framework\system\CodeIgniter.php(326): CodeIgniter\CodeIgniter->handleRequest(NULL, Object(Config\Cache), false)
#7 C:\xampp\htdocs\ejurnal-remake\public\index.php(37): CodeIgniter\CodeIgniter->run()
#8 C:\xampp\htdocs\ejurnal-remake\vendor\codeigniter4\framework\system\Commands\Server\rewrite.php(43): require_once('C:\\xampp\\htdocs...')
#9 {main}
CRITICAL - 2022-06-05 09:14:16 --> Undefined array key "decision"
#0 C:\xampp\htdocs\ejurnal-remake\app\Views\pages\editor\submissionReview.php(236): CodeIgniter\Debug\Exceptions->errorHandler(2, 'Undefined array...', 'C:\\xampp\\htdocs...', 236)
#1 C:\xampp\htdocs\ejurnal-remake\vendor\codeigniter4\framework\system\View\View.php(210): include('C:\\xampp\\htdocs...')
#2 C:\xampp\htdocs\ejurnal-remake\vendor\codeigniter4\framework\system\View\View.php(213): CodeIgniter\View\View->CodeIgniter\View\{closure}()
#3 C:\xampp\htdocs\ejurnal-remake\vendor\codeigniter4\framework\system\Common.php(1089): CodeIgniter\View\View->render('pages/editor/su...', Array, true)
#4 C:\xampp\htdocs\ejurnal-remake\app\Controllers\editor\SubmissionReview.php(36): view('pages/editor/su...', Array)
#5 C:\xampp\htdocs\ejurnal-remake\vendor\codeigniter4\framework\system\CodeIgniter.php(832): App\Controllers\Editor\SubmissionReview->index('5')
#6 C:\xampp\htdocs\ejurnal-remake\vendor\codeigniter4\framework\system\CodeIgniter.php(419): CodeIgniter\CodeIgniter->runController(Object(App\Controllers\Editor\SubmissionReview))
>>>>>>> main
#7 C:\xampp\htdocs\ejurnal-remake\vendor\codeigniter4\framework\system\CodeIgniter.php(326): CodeIgniter\CodeIgniter->handleRequest(NULL, Object(Config\Cache), false)
#8 C:\xampp\htdocs\ejurnal-remake\public\index.php(37): CodeIgniter\CodeIgniter->run()
#9 C:\xampp\htdocs\ejurnal-remake\vendor\codeigniter4\framework\system\Commands\Server\rewrite.php(43): require_once('C:\\xampp\\htdocs...')
#10 {main}
<<<<<<< HEAD
CRITICAL - 2022-06-05 06:50:05 --> Trying to access array offset on value of type null
#0 C:\xampp\htdocs\ejurnal-remake\app\Views\pages\editor\submissionReview.php(20): CodeIgniter\Debug\Exceptions->errorHandler(2, 'Trying to acces...', 'C:\\xampp\\htdocs...', 20)
#1 C:\xampp\htdocs\ejurnal-remake\vendor\codeigniter4\framework\system\View\View.php(210): include('C:\\xampp\\htdocs...')
#2 C:\xampp\htdocs\ejurnal-remake\vendor\codeigniter4\framework\system\View\View.php(213): CodeIgniter\View\View->CodeIgniter\View\{closure}()
#3 C:\xampp\htdocs\ejurnal-remake\vendor\codeigniter4\framework\system\Common.php(1089): CodeIgniter\View\View->render('pages/editor/su...', Array, true)
#4 C:\xampp\htdocs\ejurnal-remake\app\Controllers\editor\SubmissionReview.php(32): view('pages/editor/su...', Array)
#5 C:\xampp\htdocs\ejurnal-remake\vendor\codeigniter4\framework\system\CodeIgniter.php(832): App\Controllers\Editor\SubmissionReview->index('12541')
=======
CRITICAL - 2022-06-05 09:14:49 --> Undefined array key "decision"
#0 C:\xampp\htdocs\ejurnal-remake\app\Views\pages\editor\submissionReview.php(236): CodeIgniter\Debug\Exceptions->errorHandler(2, 'Undefined array...', 'C:\\xampp\\htdocs...', 236)
#1 C:\xampp\htdocs\ejurnal-remake\vendor\codeigniter4\framework\system\View\View.php(210): include('C:\\xampp\\htdocs...')
#2 C:\xampp\htdocs\ejurnal-remake\vendor\codeigniter4\framework\system\View\View.php(213): CodeIgniter\View\View->CodeIgniter\View\{closure}()
#3 C:\xampp\htdocs\ejurnal-remake\vendor\codeigniter4\framework\system\Common.php(1089): CodeIgniter\View\View->render('pages/editor/su...', Array, true)
#4 C:\xampp\htdocs\ejurnal-remake\app\Controllers\editor\SubmissionReview.php(36): view('pages/editor/su...', Array)
#5 C:\xampp\htdocs\ejurnal-remake\vendor\codeigniter4\framework\system\CodeIgniter.php(832): App\Controllers\Editor\SubmissionReview->index('5')
>>>>>>> main
#6 C:\xampp\htdocs\ejurnal-remake\vendor\codeigniter4\framework\system\CodeIgniter.php(419): CodeIgniter\CodeIgniter->runController(Object(App\Controllers\Editor\SubmissionReview))
#7 C:\xampp\htdocs\ejurnal-remake\vendor\codeigniter4\framework\system\CodeIgniter.php(326): CodeIgniter\CodeIgniter->handleRequest(NULL, Object(Config\Cache), false)
#8 C:\xampp\htdocs\ejurnal-remake\public\index.php(37): CodeIgniter\CodeIgniter->run()
#9 C:\xampp\htdocs\ejurnal-remake\vendor\codeigniter4\framework\system\Commands\Server\rewrite.php(43): require_once('C:\\xampp\\htdocs...')
#10 {main}
<<<<<<< HEAD
=======
CRITICAL - 2022-06-05 09:17:21 --> Undefined array key "decision"
#0 C:\xampp\htdocs\ejurnal-remake\app\Views\pages\editor\submissionReview.php(236): CodeIgniter\Debug\Exceptions->errorHandler(2, 'Undefined array...', 'C:\\xampp\\htdocs...', 236)
#1 C:\xampp\htdocs\ejurnal-remake\vendor\codeigniter4\framework\system\View\View.php(210): include('C:\\xampp\\htdocs...')
#2 C:\xampp\htdocs\ejurnal-remake\vendor\codeigniter4\framework\system\View\View.php(213): CodeIgniter\View\View->CodeIgniter\View\{closure}()
#3 C:\xampp\htdocs\ejurnal-remake\vendor\codeigniter4\framework\system\Common.php(1089): CodeIgniter\View\View->render('pages/editor/su...', Array, true)
#4 C:\xampp\htdocs\ejurnal-remake\app\Controllers\editor\SubmissionReview.php(37): view('pages/editor/su...', Array)
#5 C:\xampp\htdocs\ejurnal-remake\vendor\codeigniter4\framework\system\CodeIgniter.php(832): App\Controllers\Editor\SubmissionReview->index('5')
#6 C:\xampp\htdocs\ejurnal-remake\vendor\codeigniter4\framework\system\CodeIgniter.php(419): CodeIgniter\CodeIgniter->runController(Object(App\Controllers\Editor\SubmissionReview))
#7 C:\xampp\htdocs\ejurnal-remake\vendor\codeigniter4\framework\system\CodeIgniter.php(326): CodeIgniter\CodeIgniter->handleRequest(NULL, Object(Config\Cache), false)
#8 C:\xampp\htdocs\ejurnal-remake\public\index.php(37): CodeIgniter\CodeIgniter->run()
#9 C:\xampp\htdocs\ejurnal-remake\vendor\codeigniter4\framework\system\Commands\Server\rewrite.php(43): require_once('C:\\xampp\\htdocs...')
#10 {main}
CRITICAL - 2022-06-05 09:46:12 --> Undefined array key "notified"
#0 C:\xampp\htdocs\ejurnal-remake\app\Controllers\editor\SubmissionReview.php(29): CodeIgniter\Debug\Exceptions->errorHandler(2, 'Undefined array...', 'C:\\xampp\\htdocs...', 29)
#1 C:\xampp\htdocs\ejurnal-remake\vendor\codeigniter4\framework\system\CodeIgniter.php(832): App\Controllers\Editor\SubmissionReview->index('5')
#2 C:\xampp\htdocs\ejurnal-remake\vendor\codeigniter4\framework\system\CodeIgniter.php(419): CodeIgniter\CodeIgniter->runController(Object(App\Controllers\Editor\SubmissionReview))
#3 C:\xampp\htdocs\ejurnal-remake\vendor\codeigniter4\framework\system\CodeIgniter.php(326): CodeIgniter\CodeIgniter->handleRequest(NULL, Object(Config\Cache), false)
#4 C:\xampp\htdocs\ejurnal-remake\public\index.php(37): CodeIgniter\CodeIgniter->run()
#5 C:\xampp\htdocs\ejurnal-remake\vendor\codeigniter4\framework\system\Commands\Server\rewrite.php(43): require_once('C:\\xampp\\htdocs...')
#6 {main}
CRITICAL - 2022-06-05 09:57:36 --> Array to string conversion
#0 C:\xampp\htdocs\ejurnal-remake\app\Views\pages\editor\submissions\submissions.php(111): CodeIgniter\Debug\Exceptions->errorHandler(2, 'Array to string...', 'C:\\xampp\\htdocs...', 111)
#1 C:\xampp\htdocs\ejurnal-remake\vendor\codeigniter4\framework\system\View\View.php(210): include('C:\\xampp\\htdocs...')
#2 C:\xampp\htdocs\ejurnal-remake\vendor\codeigniter4\framework\system\View\View.php(213): CodeIgniter\View\View->CodeIgniter\View\{closure}()
#3 C:\xampp\htdocs\ejurnal-remake\vendor\codeigniter4\framework\system\Common.php(1089): CodeIgniter\View\View->render('pages/editor/su...', Array, true)
#4 C:\xampp\htdocs\ejurnal-remake\app\Controllers\editor\submissions\Home.php(21): view('pages/editor/su...', Array)
#5 C:\xampp\htdocs\ejurnal-remake\vendor\codeigniter4\framework\system\CodeIgniter.php(832): App\Controllers\Editor\Submissions\Home->index('5')
#6 C:\xampp\htdocs\ejurnal-remake\vendor\codeigniter4\framework\system\CodeIgniter.php(419): CodeIgniter\CodeIgniter->runController(Object(App\Controllers\Editor\Submissions\Home))
#7 C:\xampp\htdocs\ejurnal-remake\vendor\codeigniter4\framework\system\CodeIgniter.php(326): CodeIgniter\CodeIgniter->handleRequest(NULL, Object(Config\Cache), false)
#8 C:\xampp\htdocs\ejurnal-remake\public\index.php(37): CodeIgniter\CodeIgniter->run()
#9 C:\xampp\htdocs\ejurnal-remake\vendor\codeigniter4\framework\system\Commands\Server\rewrite.php(43): require_once('C:\\xampp\\htdocs...')
#10 {main}
>>>>>>> main
