CRITICAL - 2022-06-03 10:30:54 --> Undefined variable $contentTitle
#0 C:\xampp\htdocs\ejurnal-remake\app\Views\pages\home.php(9): CodeIgniter\Debug\Exceptions->errorHandler(2, 'Undefined varia...', 'C:\\xampp\\htdocs...', 9)
#1 C:\xampp\htdocs\ejurnal-remake\vendor\codeigniter4\framework\system\View\View.php(210): include('C:\\xampp\\htdocs...')
#2 C:\xampp\htdocs\ejurnal-remake\vendor\codeigniter4\framework\system\View\View.php(213): CodeIgniter\View\View->CodeIgniter\View\{closure}()
#3 C:\xampp\htdocs\ejurnal-remake\vendor\codeigniter4\framework\system\Common.php(1089): CodeIgniter\View\View->render('pages/home', Array, true)
#4 C:\xampp\htdocs\ejurnal-remake\app\Controllers\Home.php(9): view('pages/home')
#5 C:\xampp\htdocs\ejurnal-remake\vendor\codeigniter4\framework\system\CodeIgniter.php(832): App\Controllers\Home->index()
#6 C:\xampp\htdocs\ejurnal-remake\vendor\codeigniter4\framework\system\CodeIgniter.php(419): CodeIgniter\CodeIgniter->runController(Object(App\Controllers\Home))
#7 C:\xampp\htdocs\ejurnal-remake\vendor\codeigniter4\framework\system\CodeIgniter.php(326): CodeIgniter\CodeIgniter->handleRequest(NULL, Object(Config\Cache), false)
#8 C:\xampp\htdocs\ejurnal-remake\public\index.php(37): CodeIgniter\CodeIgniter->run()
#9 C:\xampp\htdocs\ejurnal-remake\vendor\codeigniter4\framework\system\Commands\Server\rewrite.php(43): require_once('C:\\xampp\\htdocs...')
#10 {main}
CRITICAL - 2022-06-03 10:33:23 --> Undefined variable $isset
#0 C:\xampp\htdocs\ejurnal-remake\app\Views\layout\template.php(20): CodeIgniter\Debug\Exceptions->errorHandler(2, 'Undefined varia...', 'C:\\xampp\\htdocs...', 20)
#1 C:\xampp\htdocs\ejurnal-remake\vendor\codeigniter4\framework\system\View\View.php(210): include('C:\\xampp\\htdocs...')
#2 C:\xampp\htdocs\ejurnal-remake\vendor\codeigniter4\framework\system\View\View.php(213): CodeIgniter\View\View->CodeIgniter\View\{closure}()
#3 C:\xampp\htdocs\ejurnal-remake\vendor\codeigniter4\framework\system\View\View.php(226): CodeIgniter\View\View->render('layout/template', Array, true)
#4 C:\xampp\htdocs\ejurnal-remake\vendor\codeigniter4\framework\system\Common.php(1089): CodeIgniter\View\View->render('pages/home', Array, true)
#5 C:\xampp\htdocs\ejurnal-remake\app\Controllers\Home.php(10): view('pages/home')
#6 C:\xampp\htdocs\ejurnal-remake\vendor\codeigniter4\framework\system\CodeIgniter.php(832): App\Controllers\Home->index()
#7 C:\xampp\htdocs\ejurnal-remake\vendor\codeigniter4\framework\system\CodeIgniter.php(419): CodeIgniter\CodeIgniter->runController(Object(App\Controllers\Home))
#8 C:\xampp\htdocs\ejurnal-remake\vendor\codeigniter4\framework\system\CodeIgniter.php(326): CodeIgniter\CodeIgniter->handleRequest(NULL, Object(Config\Cache), false)
#9 C:\xampp\htdocs\ejurnal-remake\public\index.php(37): CodeIgniter\CodeIgniter->run()
#10 C:\xampp\htdocs\ejurnal-remake\vendor\codeigniter4\framework\system\Commands\Server\rewrite.php(43): require_once('C:\\xampp\\htdocs...')
#11 {main}
CRITICAL - 2022-06-03 10:33:25 --> Undefined variable $isset
#0 C:\xampp\htdocs\ejurnal-remake\app\Views\layout\template.php(20): CodeIgniter\Debug\Exceptions->errorHandler(2, 'Undefined varia...', 'C:\\xampp\\htdocs...', 20)
#1 C:\xampp\htdocs\ejurnal-remake\vendor\codeigniter4\framework\system\View\View.php(210): include('C:\\xampp\\htdocs...')
#2 C:\xampp\htdocs\ejurnal-remake\vendor\codeigniter4\framework\system\View\View.php(213): CodeIgniter\View\View->CodeIgniter\View\{closure}()
#3 C:\xampp\htdocs\ejurnal-remake\vendor\codeigniter4\framework\system\View\View.php(226): CodeIgniter\View\View->render('layout/template', Array, true)
#4 C:\xampp\htdocs\ejurnal-remake\vendor\codeigniter4\framework\system\Common.php(1089): CodeIgniter\View\View->render('pages/home', Array, true)
#5 C:\xampp\htdocs\ejurnal-remake\app\Controllers\Home.php(10): view('pages/home')
#6 C:\xampp\htdocs\ejurnal-remake\vendor\codeigniter4\framework\system\CodeIgniter.php(832): App\Controllers\Home->index()
#7 C:\xampp\htdocs\ejurnal-remake\vendor\codeigniter4\framework\system\CodeIgniter.php(419): CodeIgniter\CodeIgniter->runController(Object(App\Controllers\Home))
#8 C:\xampp\htdocs\ejurnal-remake\vendor\codeigniter4\framework\system\CodeIgniter.php(326): CodeIgniter\CodeIgniter->handleRequest(NULL, Object(Config\Cache), false)
#9 C:\xampp\htdocs\ejurnal-remake\public\index.php(37): CodeIgniter\CodeIgniter->run()
#10 C:\xampp\htdocs\ejurnal-remake\vendor\codeigniter4\framework\system\Commands\Server\rewrite.php(43): require_once('C:\\xampp\\htdocs...')
#11 {main}
ERROR - 2022-06-03 10:45:17 --> Error connecting to the database: No connection could be made because the target machine actively refused it
CRITICAL - 2022-06-03 10:45:17 --> Unable to connect to the database.
Main connection [MySQLi]: No connection could be made because the target machine actively refused it
#0 C:\xampp\htdocs\ejurnal-remake\vendor\codeigniter4\framework\system\Database\Database.php(67): CodeIgniter\Database\BaseConnection->initialize()
#1 C:\xampp\htdocs\ejurnal-remake\vendor\codeigniter4\framework\system\Database\Config.php(105): CodeIgniter\Database\Database->loadForge(Object(CodeIgniter\Database\MySQLi\Connection))
#2 C:\xampp\htdocs\ejurnal-remake\vendor\codeigniter4\framework\system\Database\Seeder.php(98): CodeIgniter\Database\Config::forge(NULL)
#3 C:\xampp\htdocs\ejurnal-remake\vendor\codeigniter4\framework\system\Commands\Database\Seed.php(69): CodeIgniter\Database\Seeder->__construct(Object(Config\Database))
#4 C:\xampp\htdocs\ejurnal-remake\vendor\codeigniter4\framework\system\CLI\Commands.php(63): CodeIgniter\Commands\Database\Seed->run(Array)
#5 C:\xampp\htdocs\ejurnal-remake\vendor\codeigniter4\framework\system\CLI\CommandRunner.php(70): CodeIgniter\CLI\Commands->run('db:seed', Array)
#6 C:\xampp\htdocs\ejurnal-remake\vendor\codeigniter4\framework\system\CLI\CommandRunner.php(56): CodeIgniter\CLI\CommandRunner->index(Array)
#7 C:\xampp\htdocs\ejurnal-remake\vendor\codeigniter4\framework\system\CodeIgniter.php(830): CodeIgniter\CLI\CommandRunner->_remap('index', 'db:seed', 'UserSeeder')
#8 C:\xampp\htdocs\ejurnal-remake\vendor\codeigniter4\framework\system\CodeIgniter.php(419): CodeIgniter\CodeIgniter->runController(Object(CodeIgniter\CLI\CommandRunner))
#9 C:\xampp\htdocs\ejurnal-remake\vendor\codeigniter4\framework\system\CodeIgniter.php(326): CodeIgniter\CodeIgniter->handleRequest(NULL, Object(Config\Cache), false)
#10 C:\xampp\htdocs\ejurnal-remake\vendor\codeigniter4\framework\system\CLI\Console.php(48): CodeIgniter\CodeIgniter->run()
#11 C:\xampp\htdocs\ejurnal-remake\spark(63): CodeIgniter\CLI\Console->run()
#12 {main}
ERROR - 2022-06-03 10:46:00 --> Error connecting to the database: Unknown database 'ejurnal-remake'
CRITICAL - 2022-06-03 10:46:00 --> Unable to connect to the database.
Main connection [MySQLi]: Unknown database 'ejurnal-remake'
#0 C:\xampp\htdocs\ejurnal-remake\vendor\codeigniter4\framework\system\Database\Database.php(67): CodeIgniter\Database\BaseConnection->initialize()
#1 C:\xampp\htdocs\ejurnal-remake\vendor\codeigniter4\framework\system\Database\Config.php(105): CodeIgniter\Database\Database->loadForge(Object(CodeIgniter\Database\MySQLi\Connection))
#2 C:\xampp\htdocs\ejurnal-remake\vendor\codeigniter4\framework\system\Database\Seeder.php(98): CodeIgniter\Database\Config::forge(NULL)
#3 C:\xampp\htdocs\ejurnal-remake\vendor\codeigniter4\framework\system\Commands\Database\Seed.php(69): CodeIgniter\Database\Seeder->__construct(Object(Config\Database))
#4 C:\xampp\htdocs\ejurnal-remake\vendor\codeigniter4\framework\system\CLI\Commands.php(63): CodeIgniter\Commands\Database\Seed->run(Array)
#5 C:\xampp\htdocs\ejurnal-remake\vendor\codeigniter4\framework\system\CLI\CommandRunner.php(70): CodeIgniter\CLI\Commands->run('db:seed', Array)
#6 C:\xampp\htdocs\ejurnal-remake\vendor\codeigniter4\framework\system\CLI\CommandRunner.php(56): CodeIgniter\CLI\CommandRunner->index(Array)
#7 C:\xampp\htdocs\ejurnal-remake\vendor\codeigniter4\framework\system\CodeIgniter.php(830): CodeIgniter\CLI\CommandRunner->_remap('index', 'db:seed', 'UserSeeder')
#8 C:\xampp\htdocs\ejurnal-remake\vendor\codeigniter4\framework\system\CodeIgniter.php(419): CodeIgniter\CodeIgniter->runController(Object(CodeIgniter\CLI\CommandRunner))
#9 C:\xampp\htdocs\ejurnal-remake\vendor\codeigniter4\framework\system\CodeIgniter.php(326): CodeIgniter\CodeIgniter->handleRequest(NULL, Object(Config\Cache), false)
#10 C:\xampp\htdocs\ejurnal-remake\vendor\codeigniter4\framework\system\CLI\Console.php(48): CodeIgniter\CodeIgniter->run()
#11 C:\xampp\htdocs\ejurnal-remake\spark(63): CodeIgniter\CLI\Console->run()
#12 {main}
CRITICAL - 2022-06-03 10:53:52 --> Undefined array key "id_user"
#0 C:\xampp\htdocs\ejurnal-remake\app\Controllers\User.php(59): CodeIgniter\Debug\Exceptions->errorHandler(2, 'Undefined array...', 'C:\\xampp\\htdocs...', 59)
#1 C:\xampp\htdocs\ejurnal-remake\vendor\codeigniter4\framework\system\CodeIgniter.php(832): App\Controllers\User->login()
#2 C:\xampp\htdocs\ejurnal-remake\vendor\codeigniter4\framework\system\CodeIgniter.php(419): CodeIgniter\CodeIgniter->runController(Object(App\Controllers\User))
#3 C:\xampp\htdocs\ejurnal-remake\vendor\codeigniter4\framework\system\CodeIgniter.php(326): CodeIgniter\CodeIgniter->handleRequest(NULL, Object(Config\Cache), false)
#4 C:\xampp\htdocs\ejurnal-remake\public\index.php(37): CodeIgniter\CodeIgniter->run()
#5 C:\xampp\htdocs\ejurnal-remake\vendor\codeigniter4\framework\system\Commands\Server\rewrite.php(43): require_once('C:\\xampp\\htdocs...')
#6 {main}
CRITICAL - 2022-06-03 10:54:49 --> Cannot declare class App\Controllers\AuthorController, because the name is already in use
#0 [internal function]: CodeIgniter\Debug\Exceptions->shutdownHandler()
#1 {main}
CRITICAL - 2022-06-03 10:57:09 --> Cannot declare class App\Controllers\AuthorController, because the name is already in use
#0 [internal function]: CodeIgniter\Debug\Exceptions->shutdownHandler()
#1 {main}
CRITICAL - 2022-06-03 10:58:18 --> Cannot declare class App\Controllers\AuthorController, because the name is already in use
#0 [internal function]: CodeIgniter\Debug\Exceptions->shutdownHandler()
#1 {main}
CRITICAL - 2022-06-03 10:58:30 --> Cannot declare class App\Controllers\AuthorController, because the name is already in use
#0 [internal function]: CodeIgniter\Debug\Exceptions->shutdownHandler()
#1 {main}
CRITICAL - 2022-06-03 23:33:14 --> Call to a member function where() on null
#0 C:\xampp\htdocs\ejurnal-remake\vendor\codeigniter4\framework\system\CodeIgniter.php(832): App\Controllers\Author\Submit->index()
#1 C:\xampp\htdocs\ejurnal-remake\vendor\codeigniter4\framework\system\CodeIgniter.php(419): CodeIgniter\CodeIgniter->runController(Object(App\Controllers\Author\Submit))
#2 C:\xampp\htdocs\ejurnal-remake\vendor\codeigniter4\framework\system\CodeIgniter.php(326): CodeIgniter\CodeIgniter->handleRequest(NULL, Object(Config\Cache), false)
#3 C:\xampp\htdocs\ejurnal-remake\public\index.php(37): CodeIgniter\CodeIgniter->run()
#4 C:\xampp\htdocs\ejurnal-remake\vendor\codeigniter4\framework\system\Commands\Server\rewrite.php(43): require_once('C:\\xampp\\htdocs...')
#5 {main}
CRITICAL - 2022-06-03 23:41:28 --> Undefined property: App\Controllers\Author\Submit::$submissionModel
#0 C:\xampp\htdocs\ejurnal-remake\app\Controllers\author\Submit.php(23): CodeIgniter\Debug\Exceptions->errorHandler(2, 'Undefined prope...', 'C:\\xampp\\htdocs...', 23)
#1 C:\xampp\htdocs\ejurnal-remake\vendor\codeigniter4\framework\system\CodeIgniter.php(832): App\Controllers\Author\Submit->index()
#2 C:\xampp\htdocs\ejurnal-remake\vendor\codeigniter4\framework\system\CodeIgniter.php(419): CodeIgniter\CodeIgniter->runController(Object(App\Controllers\Author\Submit))
#3 C:\xampp\htdocs\ejurnal-remake\vendor\codeigniter4\framework\system\CodeIgniter.php(326): CodeIgniter\CodeIgniter->handleRequest(NULL, Object(Config\Cache), false)
#4 C:\xampp\htdocs\ejurnal-remake\public\index.php(37): CodeIgniter\CodeIgniter->run()
#5 C:\xampp\htdocs\ejurnal-remake\vendor\codeigniter4\framework\system\Commands\Server\rewrite.php(43): require_once('C:\\xampp\\htdocs...')
#6 {main}
CRITICAL - 2022-06-03 23:43:15 --> Undefined property: App\Controllers\Author\Submit::$submissionModel
#0 C:\xampp\htdocs\ejurnal-remake\app\Controllers\author\Submit.php(23): CodeIgniter\Debug\Exceptions->errorHandler(2, 'Undefined prope...', 'C:\\xampp\\htdocs...', 23)
#1 C:\xampp\htdocs\ejurnal-remake\vendor\codeigniter4\framework\system\CodeIgniter.php(832): App\Controllers\Author\Submit->index()
#2 C:\xampp\htdocs\ejurnal-remake\vendor\codeigniter4\framework\system\CodeIgniter.php(419): CodeIgniter\CodeIgniter->runController(Object(App\Controllers\Author\Submit))
#3 C:\xampp\htdocs\ejurnal-remake\vendor\codeigniter4\framework\system\CodeIgniter.php(326): CodeIgniter\CodeIgniter->handleRequest(NULL, Object(Config\Cache), false)
#4 C:\xampp\htdocs\ejurnal-remake\public\index.php(37): CodeIgniter\CodeIgniter->run()
#5 C:\xampp\htdocs\ejurnal-remake\vendor\codeigniter4\framework\system\Commands\Server\rewrite.php(43): require_once('C:\\xampp\\htdocs...')
#6 {main}
